<?xml version="1.0" encoding="UTF-8"?>
<!-- Generated by org.testng.reporters.JUnitXMLReporter -->
<testsuite ignored="2" hostname="Admin" failures="1" tests="7" name="InterviewPreparation" time="0.217" errors="0" timestamp="2024-08-17T13:34:07 IST">
  <testcase classname="TestNg.AttributeBasics" name="test4" time="0.017"/>
  <testcase classname="TestNg.AttributeBasics" name="test5" time="0.001"/>
  <testcase classname="TestNg.AttributeBasics" name="test7" time="0.001"/>
  <testcase classname="TestNg.AttributeBasics" name="test7" time="0.001"/>
  <testcase classname="TestNg.AttributeBasics" name="test8" time="0.011"/>
  <testcase classname="TestNg.AttributeBasics" name="test2" time="0.019">
    <failure type="java.lang.AssertionError" message="Values not matched expected [20] but found [10]">
      <![CDATA[java.lang.AssertionError: Values not matched expected [20] but found [10]
at TestNg.AttributeBasics.test2(AttributeBasics.java:15)
at java.base/java.util.ArrayList.forEach(ArrayList.java:1511)
at com.intellij.rt.testng.IDEARemoteTestNG.run(IDEARemoteTestNG.java:66)
at com.intellij.rt.testng.RemoteTestNGStarter.main(RemoteTestNGStarter.java:105)
... Removed 28 stack frames]]>
    </failure>
  </testcase> <!-- test2 -->
  <testcase classname="TestNg.AttributeBasics" name="test3" time="0.004"/>
  <testcase classname="TestNg.AttributeBasics" name="test1" time="0.0">
    <ignored/>
  </testcase> <!-- test1 -->
  <testcase classname="TestNg.AttributeBasics" name="test6" time="0.0">
    <ignored/>
  </testcase> <!-- test6 -->
</testsuite> <!-- InterviewPreparation -->
