<?xml version="1.0" encoding="UTF-8"?>
<testng-results ignored="0" total="7" passed="6" failed="1" skipped="0">
  <reporter-output>
  </reporter-output>
  <suite started-at="2024-08-17T13:34:07 IST" name="Default Suite" finished-at="2024-08-17T13:34:07 IST" duration-ms="217">
    <groups>
      <group name="regressionTest">
        <method signature="AttributeBasics.test5()[pri:0, instance:TestNg.AttributeBasics@11dc3715]" name="test5" class="TestNg.AttributeBasics"/>
      </group> <!-- regressionTest -->
      <group name="smokeTest">
        <method signature="AttributeBasics.test4()[pri:0, instance:TestNg.AttributeBasics@11dc3715]" name="test4" class="TestNg.AttributeBasics"/>
      </group> <!-- smokeTest -->
    </groups>
    <test started-at="2024-08-17T13:34:07 IST" name="InterviewPreparation" finished-at="2024-08-17T13:34:07 IST" duration-ms="217">
      <class name="TestNg.AttributeBasics">
        <test-method signature="test4()[pri:0, instance:TestNg.AttributeBasics@11dc3715]" started-at="2024-08-17T13:34:07 IST" name="test4" finished-at="2024-08-17T13:34:07 IST" duration-ms="17" status="PASS">
          <reporter-output>
          </reporter-output>
        </test-method> <!-- test4 -->
        <test-method signature="test5()[pri:0, instance:TestNg.AttributeBasics@11dc3715]" started-at="2024-08-17T13:34:07 IST" name="test5" finished-at="2024-08-17T13:34:07 IST" duration-ms="1" status="PASS">
          <reporter-output>
          </reporter-output>
        </test-method> <!-- test5 -->
        <test-method signature="test7()[pri:0, instance:TestNg.AttributeBasics@11dc3715]" started-at="2024-08-17T13:34:07 IST" name="test7" finished-at="2024-08-17T13:34:07 IST" duration-ms="1" status="PASS">
          <reporter-output>
          </reporter-output>
        </test-method> <!-- test7 -->
        <test-method signature="test7()[pri:0, instance:TestNg.AttributeBasics@11dc3715]" started-at="2024-08-17T13:34:07 IST" name="test7" finished-at="2024-08-17T13:34:07 IST" duration-ms="1" status="PASS">
          <reporter-output>
          </reporter-output>
        </test-method> <!-- test7 -->
        <test-method signature="test8()[pri:0, instance:TestNg.AttributeBasics@11dc3715]" started-at="2024-08-17T13:34:07 IST" name="test8" finished-at="2024-08-17T13:34:07 IST" duration-ms="11" status="PASS">
          <reporter-output>
          </reporter-output>
        </test-method> <!-- test8 -->
        <test-method signature="test2()[pri:1, instance:TestNg.AttributeBasics@11dc3715]" started-at="2024-08-17T13:34:07 IST" name="test2" finished-at="2024-08-17T13:34:07 IST" duration-ms="19" status="FAIL">
          <exception class="java.lang.AssertionError">
            <message>
              <![CDATA[Values not matched expected [20] but found [10]]]>
            </message>
            <full-stacktrace>
              <![CDATA[java.lang.AssertionError: Values not matched expected [20] but found [10]
at org.testng.Assert.fail(Assert.java:111)
at org.testng.Assert.failNotEquals(Assert.java:1578)
at org.testng.Assert.assertEqualsImpl(Assert.java:150)
at org.testng.Assert.assertEquals(Assert.java:132)
at org.testng.Assert.assertEquals(Assert.java:1419)
at org.testng.Assert.assertEquals(Assert.java:1383)
at TestNg.AttributeBasics.test2(AttributeBasics.java:15)
at java.base/jdk.internal.reflect.DirectMethodHandleAccessor.invoke(DirectMethodHandleAccessor.java:104)
at java.base/java.lang.reflect.Method.invoke(Method.java:578)
at org.testng.internal.invokers.MethodInvocationHelper.invokeMethod(MethodInvocationHelper.java:141)
at org.testng.internal.invokers.TestInvoker.invokeMethod(TestInvoker.java:686)
at org.testng.internal.invokers.TestInvoker.invokeTestMethod(TestInvoker.java:230)
at org.testng.internal.invokers.MethodRunner.runInSequence(MethodRunner.java:63)
at org.testng.internal.invokers.TestInvoker$MethodInvocationAgent.invoke(TestInvoker.java:992)
at org.testng.internal.invokers.TestInvoker.invokeTestMethods(TestInvoker.java:203)
at org.testng.internal.invokers.TestMethodWorker.invokeTestMethods(TestMethodWorker.java:154)
at org.testng.internal.invokers.TestMethodWorker.run(TestMethodWorker.java:134)
at java.base/java.util.ArrayList.forEach(ArrayList.java:1511)
at org.testng.TestRunner.privateRun(TestRunner.java:739)
at org.testng.TestRunner.run(TestRunner.java:614)
at org.testng.SuiteRunner.runTest(SuiteRunner.java:421)
at org.testng.SuiteRunner.runSequentially(SuiteRunner.java:413)
at org.testng.SuiteRunner.privateRun(SuiteRunner.java:373)
at org.testng.SuiteRunner.run(SuiteRunner.java:312)
at org.testng.SuiteRunnerWorker.runSuite(SuiteRunnerWorker.java:52)
at org.testng.SuiteRunnerWorker.run(SuiteRunnerWorker.java:95)
at org.testng.TestNG.runSuitesSequentially(TestNG.java:1274)
at org.testng.TestNG.runSuitesLocally(TestNG.java:1208)
at org.testng.TestNG.runSuites(TestNG.java:1112)
at org.testng.TestNG.run(TestNG.java:1079)
at com.intellij.rt.testng.IDEARemoteTestNG.run(IDEARemoteTestNG.java:66)
at com.intellij.rt.testng.RemoteTestNGStarter.main(RemoteTestNGStarter.java:105)
]]>
            </full-stacktrace>
          </exception> <!-- java.lang.AssertionError -->
          <reporter-output>
          </reporter-output>
        </test-method> <!-- test2 -->
        <test-method signature="test3()[pri:0, instance:TestNg.AttributeBasics@11dc3715]" started-at="2024-08-17T13:34:07 IST" name="test3" finished-at="2024-08-17T13:34:07 IST" depends-on-methods="TestNg.AttributeBasics.test2" duration-ms="4" status="PASS">
          <reporter-output>
          </reporter-output>
        </test-method> <!-- test3 -->
      </class> <!-- TestNg.AttributeBasics -->
    </test> <!-- InterviewPreparation -->
  </suite> <!-- Default Suite -->
</testng-results>
